#-----------------------------------------------------------
# Webtalk v2017.4 (64-bit)
# SW Build 2086221 on Fri Dec 15 20:55:39 MST 2017
# 
# Start of session at: Fri Jun 19 23:22:07 2020
# Process ID: 14440
# Current directory: C:/EEM464/labs/project_2lzw_acc_alternative/project_2lzw_acc_alternative.sdk/webtalk
# Command line: wbtcv.exe -mode batch -source sdk_webtalk.tcl
# Log file: C:/EEM464/labs/project_2lzw_acc_alternative/project_2lzw_acc_alternative.sdk/webtalk/webtalk.log
# Journal file: C:/EEM464/labs/project_2lzw_acc_alternative/project_2lzw_acc_alternative.sdk/webtalk\webtalk.jou
#-----------------------------------------------------------
source sdk_webtalk.tcl
# webtalk_init -webtalk_dir C:\\EEM464\\labs\\project_2lzw_acc_alternative\\project_2lzw_acc_alternative.sdk\\webtalk
# webtalk_register_client -client project
# webtalk_add_data -client project -key date_generated -value "2020-06-19 23:22:05" -context "software_version_and_target_device"
# webtalk_add_data -client project -key product_version -value "SDK v2017.4" -context "software_version_and_target_device"
# webtalk_add_data -client project -key build_version -value "2017.4" -context "software_version_and_target_device"
# webtalk_add_data -client project -key os_platform -value "amd64" -context "software_version_and_target_device"
# webtalk_add_data -client project -key registration_id -value "211817497_0_0_149" -context "software_version_and_target_device"
# webtalk_add_data -client project -key tool_flow -value "SDK" -context "software_version_and_target_device"
# webtalk_add_data -client project -key beta -value "false" -context "software_version_and_target_device"
# webtalk_add_data -client project -key route_design -value "NA" -context "software_version_and_target_device"
# webtalk_add_data -client project -key target_family -value "NA" -context "software_version_and_target_device"
# webtalk_add_data -client project -key target_device -value "NA" -context "software_version_and_target_device"
# webtalk_add_data -client project -key target_package -value "NA" -context "software_version_and_target_device"
# webtalk_add_data -client project -key target_speed -value "NA" -context "software_version_and_target_device"
# webtalk_add_data -client project -key random_id -value "apngv2p76a45an1dggn0vjmgjl" -context "software_version_and_target_device"
# webtalk_add_data -client project -key project_id -value "2017.4_22" -context "software_version_and_target_device"
# webtalk_add_data -client project -key project_iteration -value "22" -context "software_version_and_target_device"
# webtalk_add_data -client project -key os_name -value "Microsoft Windows 8 or later , 64-bit" -context "user_environment"
# webtalk_add_data -client project -key os_release -value "major release  (build 9200)" -context "user_environment"
# webtalk_add_data -client project -key cpu_name -value "Intel(R) Core(TM) i7-6700HQ CPU @ 2.60GHz" -context "user_environment"
# webtalk_add_data -client project -key cpu_speed -value "2592 MHz" -context "user_environment"
# webtalk_add_data -client project -key total_processors -value "1" -context "user_environment"
# webtalk_add_data -client project -key system_ram -value "17.097 GB" -context "user_environment"
# webtalk_register_client -client sdk
# webtalk_add_data -client sdk -key uid -value "1592591941998" -context "sdk\\\\bsp/1592591941998"
# webtalk_add_data -client sdk -key hwid -value "1592584088706" -context "sdk\\\\bsp/1592591941998"
# webtalk_add_data -client sdk -key os -value "standalone" -context "sdk\\\\bsp/1592591941998"
# webtalk_add_data -client sdk -key apptemplate -value "hello_world" -context "sdk\\\\bsp/1592591941998"
# webtalk_add_data -client sdk -key RecordType -value "BSPCreation" -context "sdk\\\\bsp/1592591941998"
# webtalk_add_data -client sdk -key uid -value "1592591951087" -context "sdk\\\\application/1592591951087"
# webtalk_add_data -client sdk -key hwid -value "1592584088706" -context "sdk\\\\application/1592591951087"
# webtalk_add_data -client sdk -key bspid -value "1592591941998" -context "sdk\\\\application/1592591951087"
# webtalk_add_data -client sdk -key newbsp -value "true" -context "sdk\\\\application/1592591951087"
# webtalk_add_data -client sdk -key os -value "standalone" -context "sdk\\\\application/1592591951087"
# webtalk_add_data -client sdk -key apptemplate -value "hello_world" -context "sdk\\\\application/1592591951087"
# webtalk_add_data -client sdk -key RecordType -value "APPCreation" -context "sdk\\\\application/1592591951087"
# webtalk_add_data -client sdk -key LangUsed -value "C" -context "sdk\\\\application/1592591951087"
# webtalk_add_data -client sdk -key Procused -value "ps7_cortexa9" -context "sdk\\\\application/1592591951087"
# webtalk_add_data -client sdk -key projSize -value "245.43359375" -context "sdk\\\\application/1592591951087"
# webtalk_add_data -client sdk -key uid -value "NA" -context "sdk\\\\bsp/1592598125582"
# webtalk_add_data -client sdk -key RecordType -value "ToolUsage" -context "sdk\\\\bsp/1592598125582"
# webtalk_add_data -client sdk -key BootgenCount -value "0" -context "sdk\\\\bsp/1592598125582"
# webtalk_add_data -client sdk -key DebugCount -value "0" -context "sdk\\\\bsp/1592598125582"
# webtalk_add_data -client sdk -key PerfCount -value "0" -context "sdk\\\\bsp/1592598125582"
# webtalk_add_data -client sdk -key FlashCount -value "0" -context "sdk\\\\bsp/1592598125582"
# webtalk_add_data -client sdk -key CrossTriggCount -value "0" -context "sdk\\\\bsp/1592598125582"
# webtalk_add_data -client sdk -key QemuDebugCount -value "0" -context "sdk\\\\bsp/1592598125582"
# webtalk_transmit -clientid 1691594985 -regid "211817497_0_0_149" -xml C:\\EEM464\\labs\\project_2lzw_acc_alternative\\project_2lzw_acc_alternative.sdk\\webtalk\\usage_statistics_ext_sdk.xml -html C:\\EEM464\\labs\\project_2lzw_acc_alternative\\project_2lzw_acc_alternative.sdk\\webtalk\\usage_statistics_ext_sdk.html -wdm C:\\EEM464\\labs\\project_2lzw_acc_alternative\\project_2lzw_acc_alternative.sdk\\webtalk\\sdk_webtalk.wdm -intro "<H3>SDK Usage Report</H3><BR>"
# webtalk_terminate
INFO: [Common 17-206] Exiting Webtalk at Fri Jun 19 23:22:09 2020...
